This file contains any messages produced by compilers while
running configure, to aid debugging if configure makes a mistake.

It was created by flow-tools configure 0.68.5.1, which was
generated by GNU Autoconf 2.66.  Invocation command line was

  $ ./configure 

## --------- ##
## Platform. ##
## --------- ##

hostname = julian-SER
uname -m = x86_64
uname -r = 5.19.0-32-generic
uname -s = Linux
uname -v = #33~22.04.1-Ubuntu SMP PREEMPT_DYNAMIC Mon Jan 30 17:03:34 UTC 2

/usr/bin/uname -p = x86_64
/bin/uname -X     = unknown

/bin/arch              = x86_64
/usr/bin/arch -k       = unknown
/usr/convex/getsysinfo = unknown
/usr/bin/hostinfo      = unknown
/bin/machine           = unknown
/usr/bin/oslevel       = unknown
/bin/universe          = unknown

PATH: /home/julian/anaconda3/bin
PATH: /home/julian/anaconda3/condabin
PATH: /usr/local/sbin
PATH: /usr/local/bin
PATH: /usr/sbin
PATH: /usr/bin
PATH: /sbin
PATH: /bin
PATH: /usr/games
PATH: /usr/local/games
PATH: /snap/bin
PATH: /snap/bin
PATH: /usr/local/go/bin


## ----------- ##
## Core tests. ##
## ----------- ##

configure:2367: checking for a BSD-compatible install
configure:2435: result: /usr/bin/install -c
configure:2446: checking whether build environment is sane
configure:2496: result: yes
configure:2637: checking for a thread-safe mkdir -p
configure:2676: result: /usr/bin/mkdir -p
configure:2689: checking for gawk
configure:2705: found /usr/bin/gawk
configure:2716: result: gawk
configure:2727: checking whether make sets $(MAKE)
configure:2749: result: yes
configure:2863: checking build system type
configure:2877: result: x86_64-unknown-linux-gnu
configure:2897: checking host system type
configure:2910: result: x86_64-unknown-linux-gnu
configure:2951: checking how to print strings
configure:2978: result: printf
configure:3011: checking for style of include used by make
configure:3039: result: GNU
configure:3109: checking for gcc
configure:3125: found /usr/bin/gcc
configure:3136: result: gcc
configure:3365: checking for C compiler version
configure:3374: gcc --version >&5
gcc (Ubuntu 11.3.0-1ubuntu1~22.04) 11.3.0
Copyright (C) 2021 Free Software Foundation, Inc.
This is free software; see the source for copying conditions.  There is NO
warranty; not even for MERCHANTABILITY or FITNESS FOR A PARTICULAR PURPOSE.

configure:3385: $? = 0
configure:3374: gcc -v >&5
Using built-in specs.
COLLECT_GCC=gcc
COLLECT_LTO_WRAPPER=/usr/lib/gcc/x86_64-linux-gnu/11/lto-wrapper
OFFLOAD_TARGET_NAMES=nvptx-none:amdgcn-amdhsa
OFFLOAD_TARGET_DEFAULT=1
Target: x86_64-linux-gnu
Configured with: ../src/configure -v --with-pkgversion='Ubuntu 11.3.0-1ubuntu1~22.04' --with-bugurl=file:///usr/share/doc/gcc-11/README.Bugs --enable-languages=c,ada,c++,go,brig,d,fortran,objc,obj-c++,m2 --prefix=/usr --with-gcc-major-version-only --program-suffix=-11 --program-prefix=x86_64-linux-gnu- --enable-shared --enable-linker-build-id --libexecdir=/usr/lib --without-included-gettext --enable-threads=posix --libdir=/usr/lib --enable-nls --enable-bootstrap --enable-clocale=gnu --enable-libstdcxx-debug --enable-libstdcxx-time=yes --with-default-libstdcxx-abi=new --enable-gnu-unique-object --disable-vtable-verify --enable-plugin --enable-default-pie --with-system-zlib --enable-libphobos-checking=release --with-target-system-zlib=auto --enable-objc-gc=auto --enable-multiarch --disable-werror --enable-cet --with-arch-32=i686 --with-abi=m64 --with-multilib-list=m32,m64,mx32 --enable-multilib --with-tune=generic --enable-offload-targets=nvptx-none=/build/gcc-11-xKiWfi/gcc-11-11.3.0/debian/tmp-nvptx/usr,amdgcn-amdhsa=/build/gcc-11-xKiWfi/gcc-11-11.3.0/debian/tmp-gcn/usr --without-cuda-driver --enable-checking=release --build=x86_64-linux-gnu --host=x86_64-linux-gnu --target=x86_64-linux-gnu --with-build-config=bootstrap-lto-lean --enable-link-serialization=2
Thread model: posix
Supported LTO compression algorithms: zlib zstd
gcc version 11.3.0 (Ubuntu 11.3.0-1ubuntu1~22.04) 
... rest of stderr output deleted ...
configure:3385: $? = 0
configure:3374: gcc -V >&5
gcc: error: unrecognized command-line option '-V'
gcc: fatal error: no input files
compilation terminated.
configure:3385: $? = 1
configure:3374: gcc -qversion >&5
gcc: error: unrecognized command-line option '-qversion'; did you mean '--version'?
gcc: fatal error: no input files
compilation terminated.
configure:3385: $? = 1
configure:3405: checking whether the C compiler works
configure:3427: gcc    conftest.c  >&5
configure:3431: $? = 0
configure:3479: result: yes
configure:3482: checking for C compiler default output file name
configure:3484: result: a.out
configure:3490: checking for suffix of executables
configure:3497: gcc -o conftest    conftest.c  >&5
configure:3501: $? = 0
configure:3523: result: 
configure:3545: checking whether we are cross compiling
configure:3553: gcc -o conftest    conftest.c  >&5
configure:3557: $? = 0
configure:3564: ./conftest
configure:3568: $? = 0
configure:3583: result: no
configure:3588: checking for suffix of object files
configure:3610: gcc -c   conftest.c >&5
configure:3614: $? = 0
configure:3635: result: o
configure:3639: checking whether we are using the GNU C compiler
configure:3658: gcc -c   conftest.c >&5
configure:3658: $? = 0
configure:3667: result: yes
configure:3676: checking whether gcc accepts -g
configure:3696: gcc -c -g  conftest.c >&5
configure:3696: $? = 0
configure:3737: result: yes
configure:3754: checking for gcc option to accept ISO C89
configure:3818: gcc  -c -g -O2  conftest.c >&5
configure:3818: $? = 0
configure:3831: result: none needed
configure:3853: checking dependency style of gcc
configure:3963: result: gcc3
configure:3978: checking for a sed that does not truncate output
configure:4042: result: /usr/bin/sed
configure:4060: checking for grep that handles long lines and -e
configure:4118: result: /usr/bin/grep
configure:4123: checking for egrep
configure:4185: result: /usr/bin/grep -E
configure:4190: checking for fgrep
configure:4252: result: /usr/bin/grep -F
configure:4287: checking for ld used by gcc
configure:4354: result: /usr/bin/ld
configure:4361: checking if the linker (/usr/bin/ld) is GNU ld
configure:4376: result: yes
configure:4388: checking for BSD- or MS-compatible name lister (nm)
configure:4437: result: /usr/bin/nm -B
configure:4567: checking the name lister (/usr/bin/nm -B) interface
configure:4574: gcc -c -g -O2  conftest.c >&5
configure:4577: /usr/bin/nm -B "conftest.o"
configure:4580: output
0000000000000000 B some_variable
configure:4587: result: BSD nm
configure:4590: checking whether ln -s works
configure:4594: result: yes
configure:4602: checking the maximum length of command line arguments
configure:4727: result: 1572864
configure:4744: checking whether the shell understands some XSI constructs
configure:4754: result: yes
configure:4758: checking whether the shell understands "+="
configure:4764: result: yes
configure:4799: checking for /usr/bin/ld option to reload object files
configure:4806: result: -r
configure:4875: checking for objdump
configure:4891: found /usr/bin/objdump
configure:4902: result: objdump
configure:4934: checking how to recognize dependent libraries
configure:5136: result: pass_all
configure:5196: checking for ar
configure:5212: found /usr/bin/ar
configure:5223: result: ar
configure:5301: checking for strip
configure:5317: found /usr/bin/strip
configure:5328: result: strip
configure:5400: checking for ranlib
configure:5416: found /usr/bin/ranlib
configure:5427: result: ranlib
configure:5529: checking command to parse /usr/bin/nm -B output from gcc object
configure:5647: gcc -c -g -O2  conftest.c >&5
configure:5650: $? = 0
configure:5654: /usr/bin/nm -B conftest.o \| sed -n -e 's/^.*[ ]\([ABCDGIRSTW][ABCDGIRSTW]*\)[ ][ ]*\([_A-Za-z][_A-Za-z0-9]*\)$/\1 \2 \2/p' \> conftest.nm
configure:5657: $? = 0
configure:5711: gcc -o conftest -g -O2   conftest.c conftstm.o >&5
configure:5714: $? = 0
configure:5752: result: ok
configure:5848: gcc -c -g -O2  conftest.c >&5
configure:5851: $? = 0
configure:6593: checking how to run the C preprocessor
configure:6624: gcc -E  conftest.c
configure:6624: $? = 0
configure:6638: gcc -E  conftest.c
conftest.c:11:10: fatal error: ac_nonexistent.h: No such file or directory
   11 | #include <ac_nonexistent.h>
      |          ^~~~~~~~~~~~~~~~~~
compilation terminated.
configure:6638: $? = 1
configure: failed program was:
| /* confdefs.h */
| #define PACKAGE_NAME "flow-tools"
| #define PACKAGE_TARNAME "flow-tools"
| #define PACKAGE_VERSION "0.68.5.1"
| #define PACKAGE_STRING "flow-tools 0.68.5.1"
| #define PACKAGE_BUGREPORT "flow-tools@googlegroups.com"
| #define PACKAGE_URL ""
| #define PACKAGE "flow-tools"
| #define VERSION "0.68.5.1"
| /* end confdefs.h.  */
| #include <ac_nonexistent.h>
configure:6663: result: gcc -E
configure:6683: gcc -E  conftest.c
configure:6683: $? = 0
configure:6697: gcc -E  conftest.c
conftest.c:11:10: fatal error: ac_nonexistent.h: No such file or directory
   11 | #include <ac_nonexistent.h>
      |          ^~~~~~~~~~~~~~~~~~
compilation terminated.
configure:6697: $? = 1
configure: failed program was:
| /* confdefs.h */
| #define PACKAGE_NAME "flow-tools"
| #define PACKAGE_TARNAME "flow-tools"
| #define PACKAGE_VERSION "0.68.5.1"
| #define PACKAGE_STRING "flow-tools 0.68.5.1"
| #define PACKAGE_BUGREPORT "flow-tools@googlegroups.com"
| #define PACKAGE_URL ""
| #define PACKAGE "flow-tools"
| #define VERSION "0.68.5.1"
| /* end confdefs.h.  */
| #include <ac_nonexistent.h>
configure:6726: checking for ANSI C header files
configure:6746: gcc -c -g -O2  conftest.c >&5
configure:6746: $? = 0
configure:6819: gcc -o conftest -g -O2   conftest.c  >&5
configure:6819: $? = 0
configure:6819: ./conftest
configure:6819: $? = 0
configure:6830: result: yes
configure:6843: checking for sys/types.h
configure:6843: gcc -c -g -O2  conftest.c >&5
configure:6843: $? = 0
configure:6843: result: yes
configure:6843: checking for sys/stat.h
configure:6843: gcc -c -g -O2  conftest.c >&5
configure:6843: $? = 0
configure:6843: result: yes
configure:6843: checking for stdlib.h
configure:6843: gcc -c -g -O2  conftest.c >&5
configure:6843: $? = 0
configure:6843: result: yes
configure:6843: checking for string.h
configure:6843: gcc -c -g -O2  conftest.c >&5
configure:6843: $? = 0
configure:6843: result: yes
configure:6843: checking for memory.h
configure:6843: gcc -c -g -O2  conftest.c >&5
configure:6843: $? = 0
configure:6843: result: yes
configure:6843: checking for strings.h
configure:6843: gcc -c -g -O2  conftest.c >&5
configure:6843: $? = 0
configure:6843: result: yes
configure:6843: checking for inttypes.h
configure:6843: gcc -c -g -O2  conftest.c >&5
configure:6843: $? = 0
configure:6843: result: yes
configure:6843: checking for stdint.h
configure:6843: gcc -c -g -O2  conftest.c >&5
configure:6843: $? = 0
configure:6843: result: yes
configure:6843: checking for unistd.h
configure:6843: gcc -c -g -O2  conftest.c >&5
configure:6843: $? = 0
configure:6843: result: yes
configure:6857: checking for dlfcn.h
configure:6857: gcc -c -g -O2  conftest.c >&5
configure:6857: $? = 0
configure:6857: result: yes
configure:7044: checking for objdir
configure:7059: result: .libs
configure:7330: checking if gcc supports -fno-rtti -fno-exceptions
configure:7348: gcc -c -g -O2  -fno-rtti -fno-exceptions conftest.c >&5
cc1: warning: command-line option '-fno-rtti' is valid for C++/D/ObjC++ but not for C
configure:7352: $? = 0
configure:7365: result: no
configure:7385: checking for gcc option to produce PIC
configure:7670: result: -fPIC -DPIC
configure:7682: checking if gcc PIC flag -fPIC -DPIC works
configure:7700: gcc -c -g -O2  -fPIC -DPIC -DPIC conftest.c >&5
configure:7704: $? = 0
configure:7717: result: yes
configure:7741: checking if gcc static flag -static works
configure:7769: result: yes
configure:7784: checking if gcc supports -c -o file.o
configure:7805: gcc -c -g -O2  -o out/conftest2.o conftest.c >&5
configure:7809: $? = 0
configure:7831: result: yes
configure:7839: checking if gcc supports -c -o file.o
configure:7886: result: yes
configure:7919: checking whether the gcc linker (/usr/bin/ld -m elf_x86_64) supports shared libraries
configure:8994: result: yes
configure:9031: checking whether -lc should be explicitly linked in
configure:9039: gcc -c -g -O2  conftest.c >&5
configure:9042: $? = 0
configure:9057: gcc -shared conftest.o  -v -Wl,-soname -Wl,conftest -o conftest 2\>\&1 \| /usr/bin/grep  -lc  \>/dev/null 2\>\&1
configure:9060: $? = 0
configure:9074: result: no
configure:9239: checking dynamic linker characteristics
configure:9694: gcc -o conftest -g -O2   -Wl,-rpath -Wl,/foo conftest.c  >&5
configure:9694: $? = 0
configure:9920: result: GNU/Linux ld.so
configure:10027: checking how to hardcode library paths into programs
configure:10052: result: immediate
configure:10592: checking whether stripping libraries is possible
configure:10597: result: yes
configure:10632: checking if libtool supports shared libraries
configure:10634: result: yes
configure:10637: checking whether to build shared libraries
configure:10658: result: yes
configure:10661: checking whether to build static libraries
configure:10665: result: yes
configure:10748: checking for gcc
configure:10775: result: gcc
configure:11004: checking for C compiler version
configure:11013: gcc --version >&5
gcc (Ubuntu 11.3.0-1ubuntu1~22.04) 11.3.0
Copyright (C) 2021 Free Software Foundation, Inc.
This is free software; see the source for copying conditions.  There is NO
warranty; not even for MERCHANTABILITY or FITNESS FOR A PARTICULAR PURPOSE.

configure:11024: $? = 0
configure:11013: gcc -v >&5
Using built-in specs.
COLLECT_GCC=gcc
COLLECT_LTO_WRAPPER=/usr/lib/gcc/x86_64-linux-gnu/11/lto-wrapper
OFFLOAD_TARGET_NAMES=nvptx-none:amdgcn-amdhsa
OFFLOAD_TARGET_DEFAULT=1
Target: x86_64-linux-gnu
Configured with: ../src/configure -v --with-pkgversion='Ubuntu 11.3.0-1ubuntu1~22.04' --with-bugurl=file:///usr/share/doc/gcc-11/README.Bugs --enable-languages=c,ada,c++,go,brig,d,fortran,objc,obj-c++,m2 --prefix=/usr --with-gcc-major-version-only --program-suffix=-11 --program-prefix=x86_64-linux-gnu- --enable-shared --enable-linker-build-id --libexecdir=/usr/lib --without-included-gettext --enable-threads=posix --libdir=/usr/lib --enable-nls --enable-bootstrap --enable-clocale=gnu --enable-libstdcxx-debug --enable-libstdcxx-time=yes --with-default-libstdcxx-abi=new --enable-gnu-unique-object --disable-vtable-verify --enable-plugin --enable-default-pie --with-system-zlib --enable-libphobos-checking=release --with-target-system-zlib=auto --enable-objc-gc=auto --enable-multiarch --disable-werror --enable-cet --with-arch-32=i686 --with-abi=m64 --with-multilib-list=m32,m64,mx32 --enable-multilib --with-tune=generic --enable-offload-targets=nvptx-none=/build/gcc-11-xKiWfi/gcc-11-11.3.0/debian/tmp-nvptx/usr,amdgcn-amdhsa=/build/gcc-11-xKiWfi/gcc-11-11.3.0/debian/tmp-gcn/usr --without-cuda-driver --enable-checking=release --build=x86_64-linux-gnu --host=x86_64-linux-gnu --target=x86_64-linux-gnu --with-build-config=bootstrap-lto-lean --enable-link-serialization=2
Thread model: posix
Supported LTO compression algorithms: zlib zstd
gcc version 11.3.0 (Ubuntu 11.3.0-1ubuntu1~22.04) 
... rest of stderr output deleted ...
configure:11024: $? = 0
configure:11013: gcc -V >&5
gcc: error: unrecognized command-line option '-V'
gcc: fatal error: no input files
compilation terminated.
configure:11024: $? = 1
configure:11013: gcc -qversion >&5
gcc: error: unrecognized command-line option '-qversion'; did you mean '--version'?
gcc: fatal error: no input files
compilation terminated.
configure:11024: $? = 1
configure:11028: checking whether we are using the GNU C compiler
configure:11056: result: yes
configure:11065: checking whether gcc accepts -g
configure:11126: result: yes
configure:11143: checking for gcc option to accept ISO C89
configure:11220: result: none needed
configure:11242: checking dependency style of gcc
configure:11352: result: gcc3
configure:11368: checking whether make sets $(MAKE)
configure:11390: result: yes
configure:11403: checking for bison
configure:11433: result: no
configure:11403: checking for byacc
configure:11433: result: no
configure:11446: checking for flex
configure:11476: result: no
configure:11446: checking for lex
configure:11476: result: no
configure:11655: checking for pg_config
configure:11686: result: no
configure:11714: result: no
configure:11898: checking for main in -ly
configure:11917: gcc -o conftest -g -O2   conftest.c -ly   >&5
/usr/bin/ld: cannot find -ly: No such file or directory
collect2: error: ld returned 1 exit status
configure:11917: $? = 1
configure: failed program was:
| /* confdefs.h */
| #define PACKAGE_NAME "flow-tools"
| #define PACKAGE_TARNAME "flow-tools"
| #define PACKAGE_VERSION "0.68.5.1"
| #define PACKAGE_STRING "flow-tools 0.68.5.1"
| #define PACKAGE_BUGREPORT "flow-tools@googlegroups.com"
| #define PACKAGE_URL ""
| #define PACKAGE "flow-tools"
| #define VERSION "0.68.5.1"
| #define STDC_HEADERS 1
| #define HAVE_SYS_TYPES_H 1
| #define HAVE_SYS_STAT_H 1
| #define HAVE_STDLIB_H 1
| #define HAVE_STRING_H 1
| #define HAVE_MEMORY_H 1
| #define HAVE_STRINGS_H 1
| #define HAVE_INTTYPES_H 1
| #define HAVE_STDINT_H 1
| #define HAVE_UNISTD_H 1
| #define HAVE_DLFCN_H 1
| #define LT_OBJDIR ".libs/"
| /* end confdefs.h.  */
| 
| 
| int
| main ()
| {
| return main ();
|   ;
|   return 0;
| }
configure:11926: result: no
configure:11932: checking for zlibVersion in -lz
configure:11957: gcc -o conftest -g -O2   conftest.c -lz   >&5
configure:11957: $? = 0
configure:11966: result: yes
configure:11984: checking for allow_severity in -lwrap
configure:12009: gcc -o conftest -g -O2   conftest.c -lwrap  -lz  >&5
/usr/bin/ld: cannot find -lwrap: No such file or directory
collect2: error: ld returned 1 exit status
configure:12009: $? = 1
configure: failed program was:
| /* confdefs.h */
| #define PACKAGE_NAME "flow-tools"
| #define PACKAGE_TARNAME "flow-tools"
| #define PACKAGE_VERSION "0.68.5.1"
| #define PACKAGE_STRING "flow-tools 0.68.5.1"
| #define PACKAGE_BUGREPORT "flow-tools@googlegroups.com"
| #define PACKAGE_URL ""
| #define PACKAGE "flow-tools"
| #define VERSION "0.68.5.1"
| #define STDC_HEADERS 1
| #define HAVE_SYS_TYPES_H 1
| #define HAVE_SYS_STAT_H 1
| #define HAVE_STDLIB_H 1
| #define HAVE_STRING_H 1
| #define HAVE_MEMORY_H 1
| #define HAVE_STRINGS_H 1
| #define HAVE_INTTYPES_H 1
| #define HAVE_STDINT_H 1
| #define HAVE_UNISTD_H 1
| #define HAVE_DLFCN_H 1
| #define LT_OBJDIR ".libs/"
| #define HAVE_LIBZ 1
| /* end confdefs.h.  */
| 
| /* Override any GCC internal prototype to avoid an error.
|    Use char because int might match the return type of a GCC
|    builtin and then its argument prototype would still apply.  */
| #ifdef __cplusplus
| extern "C"
| #endif
| char allow_severity ();
| int
| main ()
| {
| return allow_severity ();
|   ;
|   return 0;
| }
configure:12018: result: no
configure:12038: checking whether gcc accepts PIE flags
configure:12055: gcc -o conftest -g -O2 -fPIE   -pie conftest.c -lz  >&5
configure:12055: $? = 0
configure:12055: ./conftest
configure:12055: $? = 0
configure:12068: result: yes
configure:12082: checking for dirent.h that defines DIR
configure:12101: gcc -c -g -O2  conftest.c >&5
configure:12101: $? = 0
configure:12109: result: yes
configure:12122: checking for library containing opendir
configure:12153: gcc -o conftest -g -O2   conftest.c -lz  >&5
configure:12153: $? = 0
configure:12170: result: none required
configure:12237: checking for ANSI C header files
configure:12341: result: yes
configure:12352: checking fcntl.h usability
configure:12352: gcc -c -g -O2  conftest.c >&5
configure:12352: $? = 0
configure:12352: result: yes
configure:12352: checking fcntl.h presence
configure:12352: gcc -E  conftest.c
configure:12352: $? = 0
configure:12352: result: yes
configure:12352: checking for fcntl.h
configure:12352: result: yes
configure:12352: checking features.h usability
configure:12352: gcc -c -g -O2  conftest.c >&5
configure:12352: $? = 0
configure:12352: result: yes
configure:12352: checking features.h presence
configure:12352: gcc -E  conftest.c
configure:12352: $? = 0
configure:12352: result: yes
configure:12352: checking for features.h
configure:12352: result: yes
configure:12352: checking limits.h usability
configure:12352: gcc -c -g -O2  conftest.c >&5
configure:12352: $? = 0
configure:12352: result: yes
configure:12352: checking limits.h presence
configure:12352: gcc -E  conftest.c
configure:12352: $? = 0
configure:12352: result: yes
configure:12352: checking for limits.h
configure:12352: result: yes
configure:12352: checking malloc.h usability
configure:12352: gcc -c -g -O2  conftest.c >&5
configure:12352: $? = 0
configure:12352: result: yes
configure:12352: checking malloc.h presence
configure:12352: gcc -E  conftest.c
configure:12352: $? = 0
configure:12352: result: yes
configure:12352: checking for malloc.h
configure:12352: result: yes
configure:12352: checking for string.h
configure:12352: result: yes
configure:12352: checking for strings.h
configure:12352: result: yes
configure:12352: checking sys/time.h usability
configure:12352: gcc -c -g -O2  conftest.c >&5
configure:12352: $? = 0
configure:12352: result: yes
configure:12352: checking sys/time.h presence
configure:12352: gcc -E  conftest.c
configure:12352: $? = 0
configure:12352: result: yes
configure:12352: checking for sys/time.h
configure:12352: result: yes
configure:12352: checking syslog.h usability
configure:12352: gcc -c -g -O2  conftest.c >&5
configure:12352: $? = 0
configure:12352: result: yes
configure:12352: checking syslog.h presence
configure:12352: gcc -E  conftest.c
configure:12352: $? = 0
configure:12352: result: yes
configure:12352: checking for syslog.h
configure:12352: result: yes
configure:12352: checking for unistd.h
configure:12352: result: yes
configure:12378: gcc -c -g -O2  conftest.c >&5
conftest.c: In function 'main':
conftest.c:41:30: error: 'struct sockaddr_in' has no member named 'sin_len'
   41 | struct sockaddr_in sock; sock.sin_len = sizeof(sock);
      |                              ^
configure:12378: $? = 1
configure: failed program was:
| /* confdefs.h */
| #define PACKAGE_NAME "flow-tools"
| #define PACKAGE_TARNAME "flow-tools"
| #define PACKAGE_VERSION "0.68.5.1"
| #define PACKAGE_STRING "flow-tools 0.68.5.1"
| #define PACKAGE_BUGREPORT "flow-tools@googlegroups.com"
| #define PACKAGE_URL ""
| #define PACKAGE "flow-tools"
| #define VERSION "0.68.5.1"
| #define STDC_HEADERS 1
| #define HAVE_SYS_TYPES_H 1
| #define HAVE_SYS_STAT_H 1
| #define HAVE_STDLIB_H 1
| #define HAVE_STRING_H 1
| #define HAVE_MEMORY_H 1
| #define HAVE_STRINGS_H 1
| #define HAVE_INTTYPES_H 1
| #define HAVE_STDINT_H 1
| #define HAVE_UNISTD_H 1
| #define HAVE_DLFCN_H 1
| #define LT_OBJDIR ".libs/"
| #define HAVE_LIBZ 1
| #define HAVE_DIRENT_H 1
| #define STDC_HEADERS 1
| #define HAVE_FCNTL_H 1
| #define HAVE_FEATURES_H 1
| #define HAVE_LIMITS_H 1
| #define HAVE_MALLOC_H 1
| #define HAVE_STRING_H 1
| #define HAVE_STRINGS_H 1
| #define HAVE_SYS_TIME_H 1
| #define HAVE_SYSLOG_H 1
| #define HAVE_UNISTD_H 1
| /* end confdefs.h.  */
| #include <sys/types.h>
| #include <sys/socket.h>
| #include <netinet/in.h>
| int
| main ()
| {
| struct sockaddr_in sock; sock.sin_len = sizeof(sock);
|   ;
|   return 0;
| }
configure:12392: checking for an ANSI C-conforming const
configure:12457: gcc -c -g -O2  conftest.c >&5
configure:12457: $? = 0
configure:12464: result: yes
configure:12472: checking for off_t
configure:12472: gcc -c -g -O2  conftest.c >&5
In file included from /usr/include/x86_64-linux-gnu/bits/libc-header-start.h:33,
                 from /usr/include/stdio.h:27,
                 from conftest.c:36:
/usr/include/features.h:194:3: warning: #warning "_BSD_SOURCE and _SVID_SOURCE are deprecated, use _DEFAULT_SOURCE" [-Wcpp]
  194 | # warning "_BSD_SOURCE and _SVID_SOURCE are deprecated, use _DEFAULT_SOURCE"
      |   ^~~~~~~
configure:12472: $? = 0
configure:12472: gcc -c -g -O2  conftest.c >&5
In file included from /usr/include/x86_64-linux-gnu/bits/libc-header-start.h:33,
                 from /usr/include/stdio.h:27,
                 from conftest.c:36:
/usr/include/features.h:194:3: warning: #warning "_BSD_SOURCE and _SVID_SOURCE are deprecated, use _DEFAULT_SOURCE" [-Wcpp]
  194 | # warning "_BSD_SOURCE and _SVID_SOURCE are deprecated, use _DEFAULT_SOURCE"
      |   ^~~~~~~
conftest.c: In function 'main':
conftest.c:72:20: error: expected expression before ')' token
   72 | if (sizeof ((off_t)))
      |                    ^
configure:12472: $? = 1
configure: failed program was:
| /* confdefs.h */
| #define PACKAGE_NAME "flow-tools"
| #define PACKAGE_TARNAME "flow-tools"
| #define PACKAGE_VERSION "0.68.5.1"
| #define PACKAGE_STRING "flow-tools 0.68.5.1"
| #define PACKAGE_BUGREPORT "flow-tools@googlegroups.com"
| #define PACKAGE_URL ""
| #define PACKAGE "flow-tools"
| #define VERSION "0.68.5.1"
| #define STDC_HEADERS 1
| #define HAVE_SYS_TYPES_H 1
| #define HAVE_SYS_STAT_H 1
| #define HAVE_STDLIB_H 1
| #define HAVE_STRING_H 1
| #define HAVE_MEMORY_H 1
| #define HAVE_STRINGS_H 1
| #define HAVE_INTTYPES_H 1
| #define HAVE_STDINT_H 1
| #define HAVE_UNISTD_H 1
| #define HAVE_DLFCN_H 1
| #define LT_OBJDIR ".libs/"
| #define HAVE_LIBZ 1
| #define HAVE_DIRENT_H 1
| #define STDC_HEADERS 1
| #define HAVE_FCNTL_H 1
| #define HAVE_FEATURES_H 1
| #define HAVE_LIMITS_H 1
| #define HAVE_MALLOC_H 1
| #define HAVE_STRING_H 1
| #define HAVE_STRINGS_H 1
| #define HAVE_SYS_TIME_H 1
| #define HAVE_SYSLOG_H 1
| #define HAVE_UNISTD_H 1
| #define _BSD_SOURCE 1
| /* end confdefs.h.  */
| #include <stdio.h>
| #ifdef HAVE_SYS_TYPES_H
| # include <sys/types.h>
| #endif
| #ifdef HAVE_SYS_STAT_H
| # include <sys/stat.h>
| #endif
| #ifdef STDC_HEADERS
| # include <stdlib.h>
| # include <stddef.h>
| #else
| # ifdef HAVE_STDLIB_H
| #  include <stdlib.h>
| # endif
| #endif
| #ifdef HAVE_STRING_H
| # if !defined STDC_HEADERS && defined HAVE_MEMORY_H
| #  include <memory.h>
| # endif
| # include <string.h>
| #endif
| #ifdef HAVE_STRINGS_H
| # include <strings.h>
| #endif
| #ifdef HAVE_INTTYPES_H
| # include <inttypes.h>
| #endif
| #ifdef HAVE_STDINT_H
| # include <stdint.h>
| #endif
| #ifdef HAVE_UNISTD_H
| # include <unistd.h>
| #endif
| int
| main ()
| {
| if (sizeof ((off_t)))
| 	    return 0;
|   ;
|   return 0;
| }
configure:12472: result: yes
configure:12483: checking for pid_t
configure:12483: gcc -c -g -O2  conftest.c >&5
In file included from /usr/include/x86_64-linux-gnu/bits/libc-header-start.h:33,
                 from /usr/include/stdio.h:27,
                 from conftest.c:36:
/usr/include/features.h:194:3: warning: #warning "_BSD_SOURCE and _SVID_SOURCE are deprecated, use _DEFAULT_SOURCE" [-Wcpp]
  194 | # warning "_BSD_SOURCE and _SVID_SOURCE are deprecated, use _DEFAULT_SOURCE"
      |   ^~~~~~~
configure:12483: $? = 0
configure:12483: gcc -c -g -O2  conftest.c >&5
In file included from /usr/include/x86_64-linux-gnu/bits/libc-header-start.h:33,
                 from /usr/include/stdio.h:27,
                 from conftest.c:36:
/usr/include/features.h:194:3: warning: #warning "_BSD_SOURCE and _SVID_SOURCE are deprecated, use _DEFAULT_SOURCE" [-Wcpp]
  194 | # warning "_BSD_SOURCE and _SVID_SOURCE are deprecated, use _DEFAULT_SOURCE"
      |   ^~~~~~~
conftest.c: In function 'main':
conftest.c:72:20: error: expected expression before ')' token
   72 | if (sizeof ((pid_t)))
      |                    ^
configure:12483: $? = 1
configure: failed program was:
| /* confdefs.h */
| #define PACKAGE_NAME "flow-tools"
| #define PACKAGE_TARNAME "flow-tools"
| #define PACKAGE_VERSION "0.68.5.1"
| #define PACKAGE_STRING "flow-tools 0.68.5.1"
| #define PACKAGE_BUGREPORT "flow-tools@googlegroups.com"
| #define PACKAGE_URL ""
| #define PACKAGE "flow-tools"
| #define VERSION "0.68.5.1"
| #define STDC_HEADERS 1
| #define HAVE_SYS_TYPES_H 1
| #define HAVE_SYS_STAT_H 1
| #define HAVE_STDLIB_H 1
| #define HAVE_STRING_H 1
| #define HAVE_MEMORY_H 1
| #define HAVE_STRINGS_H 1
| #define HAVE_INTTYPES_H 1
| #define HAVE_STDINT_H 1
| #define HAVE_UNISTD_H 1
| #define HAVE_DLFCN_H 1
| #define LT_OBJDIR ".libs/"
| #define HAVE_LIBZ 1
| #define HAVE_DIRENT_H 1
| #define STDC_HEADERS 1
| #define HAVE_FCNTL_H 1
| #define HAVE_FEATURES_H 1
| #define HAVE_LIMITS_H 1
| #define HAVE_MALLOC_H 1
| #define HAVE_STRING_H 1
| #define HAVE_STRINGS_H 1
| #define HAVE_SYS_TIME_H 1
| #define HAVE_SYSLOG_H 1
| #define HAVE_UNISTD_H 1
| #define _BSD_SOURCE 1
| /* end confdefs.h.  */
| #include <stdio.h>
| #ifdef HAVE_SYS_TYPES_H
| # include <sys/types.h>
| #endif
| #ifdef HAVE_SYS_STAT_H
| # include <sys/stat.h>
| #endif
| #ifdef STDC_HEADERS
| # include <stdlib.h>
| # include <stddef.h>
| #else
| # ifdef HAVE_STDLIB_H
| #  include <stdlib.h>
| # endif
| #endif
| #ifdef HAVE_STRING_H
| # if !defined STDC_HEADERS && defined HAVE_MEMORY_H
| #  include <memory.h>
| # endif
| # include <string.h>
| #endif
| #ifdef HAVE_STRINGS_H
| # include <strings.h>
| #endif
| #ifdef HAVE_INTTYPES_H
| # include <inttypes.h>
| #endif
| #ifdef HAVE_STDINT_H
| # include <stdint.h>
| #endif
| #ifdef HAVE_UNISTD_H
| # include <unistd.h>
| #endif
| int
| main ()
| {
| if (sizeof ((pid_t)))
| 	    return 0;
|   ;
|   return 0;
| }
configure:12483: result: yes
configure:12494: checking for size_t
configure:12494: gcc -c -g -O2  conftest.c >&5
In file included from /usr/include/x86_64-linux-gnu/bits/libc-header-start.h:33,
                 from /usr/include/stdio.h:27,
                 from conftest.c:36:
/usr/include/features.h:194:3: warning: #warning "_BSD_SOURCE and _SVID_SOURCE are deprecated, use _DEFAULT_SOURCE" [-Wcpp]
  194 | # warning "_BSD_SOURCE and _SVID_SOURCE are deprecated, use _DEFAULT_SOURCE"
      |   ^~~~~~~
configure:12494: $? = 0
configure:12494: gcc -c -g -O2  conftest.c >&5
In file included from /usr/include/x86_64-linux-gnu/bits/libc-header-start.h:33,
                 from /usr/include/stdio.h:27,
                 from conftest.c:36:
/usr/include/features.h:194:3: warning: #warning "_BSD_SOURCE and _SVID_SOURCE are deprecated, use _DEFAULT_SOURCE" [-Wcpp]
  194 | # warning "_BSD_SOURCE and _SVID_SOURCE are deprecated, use _DEFAULT_SOURCE"
      |   ^~~~~~~
conftest.c: In function 'main':
conftest.c:72:21: error: expected expression before ')' token
   72 | if (sizeof ((size_t)))
      |                     ^
configure:12494: $? = 1
configure: failed program was:
| /* confdefs.h */
| #define PACKAGE_NAME "flow-tools"
| #define PACKAGE_TARNAME "flow-tools"
| #define PACKAGE_VERSION "0.68.5.1"
| #define PACKAGE_STRING "flow-tools 0.68.5.1"
| #define PACKAGE_BUGREPORT "flow-tools@googlegroups.com"
| #define PACKAGE_URL ""
| #define PACKAGE "flow-tools"
| #define VERSION "0.68.5.1"
| #define STDC_HEADERS 1
| #define HAVE_SYS_TYPES_H 1
| #define HAVE_SYS_STAT_H 1
| #define HAVE_STDLIB_H 1
| #define HAVE_STRING_H 1
| #define HAVE_MEMORY_H 1
| #define HAVE_STRINGS_H 1
| #define HAVE_INTTYPES_H 1
| #define HAVE_STDINT_H 1
| #define HAVE_UNISTD_H 1
| #define HAVE_DLFCN_H 1
| #define LT_OBJDIR ".libs/"
| #define HAVE_LIBZ 1
| #define HAVE_DIRENT_H 1
| #define STDC_HEADERS 1
| #define HAVE_FCNTL_H 1
| #define HAVE_FEATURES_H 1
| #define HAVE_LIMITS_H 1
| #define HAVE_MALLOC_H 1
| #define HAVE_STRING_H 1
| #define HAVE_STRINGS_H 1
| #define HAVE_SYS_TIME_H 1
| #define HAVE_SYSLOG_H 1
| #define HAVE_UNISTD_H 1
| #define _BSD_SOURCE 1
| /* end confdefs.h.  */
| #include <stdio.h>
| #ifdef HAVE_SYS_TYPES_H
| # include <sys/types.h>
| #endif
| #ifdef HAVE_SYS_STAT_H
| # include <sys/stat.h>
| #endif
| #ifdef STDC_HEADERS
| # include <stdlib.h>
| # include <stddef.h>
| #else
| # ifdef HAVE_STDLIB_H
| #  include <stdlib.h>
| # endif
| #endif
| #ifdef HAVE_STRING_H
| # if !defined STDC_HEADERS && defined HAVE_MEMORY_H
| #  include <memory.h>
| # endif
| # include <string.h>
| #endif
| #ifdef HAVE_STRINGS_H
| # include <strings.h>
| #endif
| #ifdef HAVE_INTTYPES_H
| # include <inttypes.h>
| #endif
| #ifdef HAVE_STDINT_H
| # include <stdint.h>
| #endif
| #ifdef HAVE_UNISTD_H
| # include <unistd.h>
| #endif
| int
| main ()
| {
| if (sizeof ((size_t)))
| 	    return 0;
|   ;
|   return 0;
| }
configure:12494: result: yes
configure:12505: checking for struct stat.st_rdev
configure:12505: gcc -c -g -O2  conftest.c >&5
In file included from /usr/include/x86_64-linux-gnu/bits/libc-header-start.h:33,
                 from /usr/include/stdio.h:27,
                 from conftest.c:36:
/usr/include/features.h:194:3: warning: #warning "_BSD_SOURCE and _SVID_SOURCE are deprecated, use _DEFAULT_SOURCE" [-Wcpp]
  194 | # warning "_BSD_SOURCE and _SVID_SOURCE are deprecated, use _DEFAULT_SOURCE"
      |   ^~~~~~~
configure:12505: $? = 0
configure:12505: result: yes
configure:12518: checking whether time.h and sys/time.h may both be included
configure:12538: gcc -c -g -O2  conftest.c >&5
In file included from /usr/include/x86_64-linux-gnu/sys/types.h:25,
                 from conftest.c:38:
/usr/include/features.h:194:3: warning: #warning "_BSD_SOURCE and _SVID_SOURCE are deprecated, use _DEFAULT_SOURCE" [-Wcpp]
  194 | # warning "_BSD_SOURCE and _SVID_SOURCE are deprecated, use _DEFAULT_SOURCE"
      |   ^~~~~~~
configure:12538: $? = 0
configure:12545: result: yes
configure:12553: checking whether struct tm is in sys/time.h or time.h
configure:12573: gcc -c -g -O2  conftest.c >&5
In file included from /usr/include/x86_64-linux-gnu/sys/types.h:25,
                 from conftest.c:39:
/usr/include/features.h:194:3: warning: #warning "_BSD_SOURCE and _SVID_SOURCE are deprecated, use _DEFAULT_SOURCE" [-Wcpp]
  194 | # warning "_BSD_SOURCE and _SVID_SOURCE are deprecated, use _DEFAULT_SOURCE"
      |   ^~~~~~~
configure:12573: $? = 0
configure:12580: result: time.h
configure:12595: checking for stdlib.h
configure:12595: result: yes
configure:12595: checking for unistd.h
configure:12595: result: yes
configure:12595: checking for sys/param.h
configure:12595: gcc -c -g -O2  conftest.c >&5
In file included from /usr/include/x86_64-linux-gnu/bits/libc-header-start.h:33,
                 from /usr/include/stdio.h:27,
                 from conftest.c:41:
/usr/include/features.h:194:3: warning: #warning "_BSD_SOURCE and _SVID_SOURCE are deprecated, use _DEFAULT_SOURCE" [-Wcpp]
  194 | # warning "_BSD_SOURCE and _SVID_SOURCE are deprecated, use _DEFAULT_SOURCE"
      |   ^~~~~~~
configure:12595: $? = 0
configure:12595: result: yes
configure:12615: checking for getpagesize
configure:12615: gcc -o conftest -g -O2   conftest.c -lz  >&5
In file included from /usr/include/x86_64-linux-gnu/bits/libc-header-start.h:33,
                 from /usr/include/limits.h:26,
                 from /usr/lib/gcc/x86_64-linux-gnu/11/include/limits.h:203,
                 from /usr/lib/gcc/x86_64-linux-gnu/11/include/syslimits.h:7,
                 from /usr/lib/gcc/x86_64-linux-gnu/11/include/limits.h:34,
                 from conftest.c:52:
/usr/include/features.h:194:3: warning: #warning "_BSD_SOURCE and _SVID_SOURCE are deprecated, use _DEFAULT_SOURCE" [-Wcpp]
  194 | # warning "_BSD_SOURCE and _SVID_SOURCE are deprecated, use _DEFAULT_SOURCE"
      |   ^~~~~~~
configure:12615: $? = 0
configure:12615: result: yes
configure:12624: checking for working mmap
configure:12771: gcc -o conftest -g -O2   conftest.c -lz  >&5
In file included from /usr/include/x86_64-linux-gnu/bits/libc-header-start.h:33,
                 from /usr/include/stdio.h:27,
                 from conftest.c:43:
/usr/include/features.h:194:3: warning: #warning "_BSD_SOURCE and _SVID_SOURCE are deprecated, use _DEFAULT_SOURCE" [-Wcpp]
  194 | # warning "_BSD_SOURCE and _SVID_SOURCE are deprecated, use _DEFAULT_SOURCE"
      |   ^~~~~~~
configure:12771: $? = 0
configure:12771: ./conftest
configure:12771: $? = 0
configure:12781: result: yes
configure:12792: checking for working alloca.h
configure:12809: gcc -o conftest -g -O2   conftest.c -lz  >&5
In file included from /usr/include/alloca.h:21,
                 from conftest.c:44:
/usr/include/features.h:194:3: warning: #warning "_BSD_SOURCE and _SVID_SOURCE are deprecated, use _DEFAULT_SOURCE" [-Wcpp]
  194 | # warning "_BSD_SOURCE and _SVID_SOURCE are deprecated, use _DEFAULT_SOURCE"
      |   ^~~~~~~
configure:12809: $? = 0
configure:12817: result: yes
configure:12825: checking for alloca
configure:12862: gcc -o conftest -g -O2   conftest.c -lz  >&5
configure:12862: $? = 0
configure:12870: result: yes
configure:12979: checking return type of signal handlers
configure:12997: gcc -c -g -O2  conftest.c >&5
In file included from /usr/include/x86_64-linux-gnu/sys/types.h:25,
                 from conftest.c:46:
/usr/include/features.h:194:3: warning: #warning "_BSD_SOURCE and _SVID_SOURCE are deprecated, use _DEFAULT_SOURCE" [-Wcpp]
  194 | # warning "_BSD_SOURCE and _SVID_SOURCE are deprecated, use _DEFAULT_SOURCE"
      |   ^~~~~~~
conftest.c: In function 'main':
conftest.c:52:10: error: void value not ignored as it ought to be
   52 | return *(signal (0, 0)) (0) == 1;
      |         ~^~~~~~~~~~~~~~~~~~
configure:12997: $? = 1
configure: failed program was:
| /* confdefs.h */
| #define PACKAGE_NAME "flow-tools"
| #define PACKAGE_TARNAME "flow-tools"
| #define PACKAGE_VERSION "0.68.5.1"
| #define PACKAGE_STRING "flow-tools 0.68.5.1"
| #define PACKAGE_BUGREPORT "flow-tools@googlegroups.com"
| #define PACKAGE_URL ""
| #define PACKAGE "flow-tools"
| #define VERSION "0.68.5.1"
| #define STDC_HEADERS 1
| #define HAVE_SYS_TYPES_H 1
| #define HAVE_SYS_STAT_H 1
| #define HAVE_STDLIB_H 1
| #define HAVE_STRING_H 1
| #define HAVE_MEMORY_H 1
| #define HAVE_STRINGS_H 1
| #define HAVE_INTTYPES_H 1
| #define HAVE_STDINT_H 1
| #define HAVE_UNISTD_H 1
| #define HAVE_DLFCN_H 1
| #define LT_OBJDIR ".libs/"
| #define HAVE_LIBZ 1
| #define HAVE_DIRENT_H 1
| #define STDC_HEADERS 1
| #define HAVE_FCNTL_H 1
| #define HAVE_FEATURES_H 1
| #define HAVE_LIMITS_H 1
| #define HAVE_MALLOC_H 1
| #define HAVE_STRING_H 1
| #define HAVE_STRINGS_H 1
| #define HAVE_SYS_TIME_H 1
| #define HAVE_SYSLOG_H 1
| #define HAVE_UNISTD_H 1
| #define _BSD_SOURCE 1
| #define HAVE_STRUCT_STAT_ST_RDEV 1
| #define HAVE_ST_RDEV 1
| #define TIME_WITH_SYS_TIME 1
| #define HAVE_STDLIB_H 1
| #define HAVE_UNISTD_H 1
| #define HAVE_SYS_PARAM_H 1
| #define HAVE_GETPAGESIZE 1
| #define HAVE_MMAP 1
| #define HAVE_ALLOCA_H 1
| #define HAVE_ALLOCA 1
| /* end confdefs.h.  */
| #include <sys/types.h>
| #include <signal.h>
| 
| int
| main ()
| {
| return *(signal (0, 0)) (0) == 1;
|   ;
|   return 0;
| }
configure:13004: result: void
configure:13012: checking for gethostbyname in -lnsl
configure:13037: gcc -o conftest -g -O2   conftest.c -lnsl  -lz  >&5
configure:13037: $? = 0
configure:13046: result: yes
configure:13057: checking for socket in -lsocket
configure:13082: gcc -o conftest -g -O2   conftest.c -lsocket  -lnsl -lz  >&5
/usr/bin/ld: cannot find -lsocket: No such file or directory
collect2: error: ld returned 1 exit status
configure:13082: $? = 1
configure: failed program was:
| /* confdefs.h */
| #define PACKAGE_NAME "flow-tools"
| #define PACKAGE_TARNAME "flow-tools"
| #define PACKAGE_VERSION "0.68.5.1"
| #define PACKAGE_STRING "flow-tools 0.68.5.1"
| #define PACKAGE_BUGREPORT "flow-tools@googlegroups.com"
| #define PACKAGE_URL ""
| #define PACKAGE "flow-tools"
| #define VERSION "0.68.5.1"
| #define STDC_HEADERS 1
| #define HAVE_SYS_TYPES_H 1
| #define HAVE_SYS_STAT_H 1
| #define HAVE_STDLIB_H 1
| #define HAVE_STRING_H 1
| #define HAVE_MEMORY_H 1
| #define HAVE_STRINGS_H 1
| #define HAVE_INTTYPES_H 1
| #define HAVE_STDINT_H 1
| #define HAVE_UNISTD_H 1
| #define HAVE_DLFCN_H 1
| #define LT_OBJDIR ".libs/"
| #define HAVE_LIBZ 1
| #define HAVE_DIRENT_H 1
| #define STDC_HEADERS 1
| #define HAVE_FCNTL_H 1
| #define HAVE_FEATURES_H 1
| #define HAVE_LIMITS_H 1
| #define HAVE_MALLOC_H 1
| #define HAVE_STRING_H 1
| #define HAVE_STRINGS_H 1
| #define HAVE_SYS_TIME_H 1
| #define HAVE_SYSLOG_H 1
| #define HAVE_UNISTD_H 1
| #define _BSD_SOURCE 1
| #define HAVE_STRUCT_STAT_ST_RDEV 1
| #define HAVE_ST_RDEV 1
| #define TIME_WITH_SYS_TIME 1
| #define HAVE_STDLIB_H 1
| #define HAVE_UNISTD_H 1
| #define HAVE_SYS_PARAM_H 1
| #define HAVE_GETPAGESIZE 1
| #define HAVE_MMAP 1
| #define HAVE_ALLOCA_H 1
| #define HAVE_ALLOCA 1
| #define RETSIGTYPE void
| #define HAVE_LIBNSL 1
| /* end confdefs.h.  */
| 
| /* Override any GCC internal prototype to avoid an error.
|    Use char because int might match the return type of a GCC
|    builtin and then its argument prototype would still apply.  */
| #ifdef __cplusplus
| extern "C"
| #endif
| char socket ();
| int
| main ()
| {
| return socket ();
|   ;
|   return 0;
| }
configure:13091: result: no
configure:13105: checking for gethostname
configure:13105: gcc -o conftest -g -O2   conftest.c -lnsl -lz  >&5
In file included from /usr/include/x86_64-linux-gnu/bits/libc-header-start.h:33,
                 from /usr/include/limits.h:26,
                 from /usr/lib/gcc/x86_64-linux-gnu/11/include/limits.h:203,
                 from /usr/lib/gcc/x86_64-linux-gnu/11/include/syslimits.h:7,
                 from /usr/lib/gcc/x86_64-linux-gnu/11/include/limits.h:34,
                 from conftest.c:58:
/usr/include/features.h:194:3: warning: #warning "_BSD_SOURCE and _SVID_SOURCE are deprecated, use _DEFAULT_SOURCE" [-Wcpp]
  194 | # warning "_BSD_SOURCE and _SVID_SOURCE are deprecated, use _DEFAULT_SOURCE"
      |   ^~~~~~~
configure:13105: $? = 0
configure:13105: result: yes
configure:13105: checking for gettimeofday
configure:13105: gcc -o conftest -g -O2   conftest.c -lnsl -lz  >&5
In file included from /usr/include/x86_64-linux-gnu/bits/libc-header-start.h:33,
                 from /usr/include/limits.h:26,
                 from /usr/lib/gcc/x86_64-linux-gnu/11/include/limits.h:203,
                 from /usr/lib/gcc/x86_64-linux-gnu/11/include/syslimits.h:7,
                 from /usr/lib/gcc/x86_64-linux-gnu/11/include/limits.h:34,
                 from conftest.c:59:
/usr/include/features.h:194:3: warning: #warning "_BSD_SOURCE and _SVID_SOURCE are deprecated, use _DEFAULT_SOURCE" [-Wcpp]
  194 | # warning "_BSD_SOURCE and _SVID_SOURCE are deprecated, use _DEFAULT_SOURCE"
      |   ^~~~~~~
configure:13105: $? = 0
configure:13105: result: yes
configure:13105: checking for select
configure:13105: gcc -o conftest -g -O2   conftest.c -lnsl -lz  >&5
In file included from /usr/include/x86_64-linux-gnu/bits/libc-header-start.h:33,
                 from /usr/include/limits.h:26,
                 from /usr/lib/gcc/x86_64-linux-gnu/11/include/limits.h:203,
                 from /usr/lib/gcc/x86_64-linux-gnu/11/include/syslimits.h:7,
                 from /usr/lib/gcc/x86_64-linux-gnu/11/include/limits.h:34,
                 from conftest.c:60:
/usr/include/features.h:194:3: warning: #warning "_BSD_SOURCE and _SVID_SOURCE are deprecated, use _DEFAULT_SOURCE" [-Wcpp]
  194 | # warning "_BSD_SOURCE and _SVID_SOURCE are deprecated, use _DEFAULT_SOURCE"
      |   ^~~~~~~
configure:13105: $? = 0
configure:13105: result: yes
configure:13105: checking for socket
configure:13105: gcc -o conftest -g -O2   conftest.c -lnsl -lz  >&5
In file included from /usr/include/x86_64-linux-gnu/bits/libc-header-start.h:33,
                 from /usr/include/limits.h:26,
                 from /usr/lib/gcc/x86_64-linux-gnu/11/include/limits.h:203,
                 from /usr/lib/gcc/x86_64-linux-gnu/11/include/syslimits.h:7,
                 from /usr/lib/gcc/x86_64-linux-gnu/11/include/limits.h:34,
                 from conftest.c:61:
/usr/include/features.h:194:3: warning: #warning "_BSD_SOURCE and _SVID_SOURCE are deprecated, use _DEFAULT_SOURCE" [-Wcpp]
  194 | # warning "_BSD_SOURCE and _SVID_SOURCE are deprecated, use _DEFAULT_SOURCE"
      |   ^~~~~~~
configure:13105: $? = 0
configure:13105: result: yes
configure:13105: checking for strdup
configure:13105: gcc -o conftest -g -O2   conftest.c -lnsl -lz  >&5
In file included from /usr/include/x86_64-linux-gnu/bits/libc-header-start.h:33,
                 from /usr/include/limits.h:26,
                 from /usr/lib/gcc/x86_64-linux-gnu/11/include/limits.h:203,
                 from /usr/lib/gcc/x86_64-linux-gnu/11/include/syslimits.h:7,
                 from /usr/lib/gcc/x86_64-linux-gnu/11/include/limits.h:34,
                 from conftest.c:62:
/usr/include/features.h:194:3: warning: #warning "_BSD_SOURCE and _SVID_SOURCE are deprecated, use _DEFAULT_SOURCE" [-Wcpp]
  194 | # warning "_BSD_SOURCE and _SVID_SOURCE are deprecated, use _DEFAULT_SOURCE"
      |   ^~~~~~~
conftest.c:75:6: warning: conflicting types for built-in function 'strdup'; expected 'char *(const char *)' [-Wbuiltin-declaration-mismatch]
   75 | char strdup ();
      |      ^~~~~~
configure:13105: $? = 0
configure:13105: result: yes
configure:13105: checking for strtoul
configure:13105: gcc -o conftest -g -O2   conftest.c -lnsl -lz  >&5
In file included from /usr/include/x86_64-linux-gnu/bits/libc-header-start.h:33,
                 from /usr/include/limits.h:26,
                 from /usr/lib/gcc/x86_64-linux-gnu/11/include/limits.h:203,
                 from /usr/lib/gcc/x86_64-linux-gnu/11/include/syslimits.h:7,
                 from /usr/lib/gcc/x86_64-linux-gnu/11/include/limits.h:34,
                 from conftest.c:63:
/usr/include/features.h:194:3: warning: #warning "_BSD_SOURCE and _SVID_SOURCE are deprecated, use _DEFAULT_SOURCE" [-Wcpp]
  194 | # warning "_BSD_SOURCE and _SVID_SOURCE are deprecated, use _DEFAULT_SOURCE"
      |   ^~~~~~~
configure:13105: $? = 0
configure:13105: result: yes
configure:13116: checking for timelocal
configure:13116: gcc -o conftest -g -O2   conftest.c -lnsl -lz  >&5
In file included from /usr/include/x86_64-linux-gnu/bits/libc-header-start.h:33,
                 from /usr/include/limits.h:26,
                 from /usr/lib/gcc/x86_64-linux-gnu/11/include/limits.h:203,
                 from /usr/lib/gcc/x86_64-linux-gnu/11/include/syslimits.h:7,
                 from /usr/lib/gcc/x86_64-linux-gnu/11/include/limits.h:34,
                 from conftest.c:64:
/usr/include/features.h:194:3: warning: #warning "_BSD_SOURCE and _SVID_SOURCE are deprecated, use _DEFAULT_SOURCE" [-Wcpp]
  194 | # warning "_BSD_SOURCE and _SVID_SOURCE are deprecated, use _DEFAULT_SOURCE"
      |   ^~~~~~~
configure:13116: $? = 0
configure:13116: result: yes
configure:13127: checking for sigaction
configure:13127: gcc -o conftest -g -O2   conftest.c -lnsl -lz  >&5
In file included from /usr/include/x86_64-linux-gnu/bits/libc-header-start.h:33,
                 from /usr/include/limits.h:26,
                 from /usr/lib/gcc/x86_64-linux-gnu/11/include/limits.h:203,
                 from /usr/lib/gcc/x86_64-linux-gnu/11/include/syslimits.h:7,
                 from /usr/lib/gcc/x86_64-linux-gnu/11/include/limits.h:34,
                 from conftest.c:65:
/usr/include/features.h:194:3: warning: #warning "_BSD_SOURCE and _SVID_SOURCE are deprecated, use _DEFAULT_SOURCE" [-Wcpp]
  194 | # warning "_BSD_SOURCE and _SVID_SOURCE are deprecated, use _DEFAULT_SOURCE"
      |   ^~~~~~~
configure:13127: $? = 0
configure:13127: result: yes
configure:13137: checking for strsep
configure:13137: gcc -o conftest -g -O2   conftest.c -lnsl -lz  >&5
In file included from /usr/include/x86_64-linux-gnu/bits/libc-header-start.h:33,
                 from /usr/include/limits.h:26,
                 from /usr/lib/gcc/x86_64-linux-gnu/11/include/limits.h:203,
                 from /usr/lib/gcc/x86_64-linux-gnu/11/include/syslimits.h:7,
                 from /usr/lib/gcc/x86_64-linux-gnu/11/include/limits.h:34,
                 from conftest.c:66:
/usr/include/features.h:194:3: warning: #warning "_BSD_SOURCE and _SVID_SOURCE are deprecated, use _DEFAULT_SOURCE" [-Wcpp]
  194 | # warning "_BSD_SOURCE and _SVID_SOURCE are deprecated, use _DEFAULT_SOURCE"
      |   ^~~~~~~
configure:13137: $? = 0
configure:13137: result: yes
configure:13150: checking for strerror
configure:13150: gcc -o conftest -g -O2   conftest.c -lnsl -lz  >&5
In file included from /usr/include/x86_64-linux-gnu/bits/libc-header-start.h:33,
                 from /usr/include/limits.h:26,
                 from /usr/lib/gcc/x86_64-linux-gnu/11/include/limits.h:203,
                 from /usr/lib/gcc/x86_64-linux-gnu/11/include/syslimits.h:7,
                 from /usr/lib/gcc/x86_64-linux-gnu/11/include/limits.h:34,
                 from conftest.c:67:
/usr/include/features.h:194:3: warning: #warning "_BSD_SOURCE and _SVID_SOURCE are deprecated, use _DEFAULT_SOURCE" [-Wcpp]
  194 | # warning "_BSD_SOURCE and _SVID_SOURCE are deprecated, use _DEFAULT_SOURCE"
      |   ^~~~~~~
configure:13150: $? = 0
configure:13150: result: yes
configure:13163: checking for strtoull
configure:13163: gcc -o conftest -g -O2   conftest.c -lnsl -lz  >&5
In file included from /usr/include/x86_64-linux-gnu/bits/libc-header-start.h:33,
                 from /usr/include/limits.h:26,
                 from /usr/lib/gcc/x86_64-linux-gnu/11/include/limits.h:203,
                 from /usr/lib/gcc/x86_64-linux-gnu/11/include/syslimits.h:7,
                 from /usr/lib/gcc/x86_64-linux-gnu/11/include/limits.h:34,
                 from conftest.c:68:
/usr/include/features.h:194:3: warning: #warning "_BSD_SOURCE and _SVID_SOURCE are deprecated, use _DEFAULT_SOURCE" [-Wcpp]
  194 | # warning "_BSD_SOURCE and _SVID_SOURCE are deprecated, use _DEFAULT_SOURCE"
      |   ^~~~~~~
configure:13163: $? = 0
configure:13163: result: yes
configure:13185: checking for special C compiler options needed for large files
configure:13230: result: no
configure:13236: checking for _FILE_OFFSET_BITS value needed for large files
configure:13261: gcc -c -g -O2  conftest.c >&5
In file included from /usr/include/x86_64-linux-gnu/sys/types.h:25,
                 from conftest.c:59:
/usr/include/features.h:194:3: warning: #warning "_BSD_SOURCE and _SVID_SOURCE are deprecated, use _DEFAULT_SOURCE" [-Wcpp]
  194 | # warning "_BSD_SOURCE and _SVID_SOURCE are deprecated, use _DEFAULT_SOURCE"
      |   ^~~~~~~
configure:13261: $? = 0
configure:13293: result: no
configure:13494: creating ./config.status

## ---------------------- ##
## Running config.status. ##
## ---------------------- ##

This file was extended by flow-tools config.status 0.68.5.1, which was
generated by GNU Autoconf 2.66.  Invocation command line was

  CONFIG_FILES    = 
  CONFIG_HEADERS  = 
  CONFIG_LINKS    = 
  CONFIG_COMMANDS = 
  $ ./config.status 

on julian-SER

config.status:1127: creating lib/Makefile
config.status:1127: creating src/Makefile
config.status:1127: creating bin/Makefile
config.status:1127: creating Makefile
config.status:1127: creating docs/Makefile
config.status:1127: creating configs/Makefile
config.status:1127: creating utils/Makefile
config.status:1127: creating lib/ftconfig.h
config.status:1355: executing depfiles commands
config.status:1355: executing libtool commands

## ---------------- ##
## Cache variables. ##
## ---------------- ##

ac_cv_build=x86_64-unknown-linux-gnu
ac_cv_c_compiler_gnu=yes
ac_cv_c_const=yes
ac_cv_env_CC_set=
ac_cv_env_CC_value=
ac_cv_env_CFLAGS_set=
ac_cv_env_CFLAGS_value=
ac_cv_env_CPPFLAGS_set=
ac_cv_env_CPPFLAGS_value=
ac_cv_env_CPP_set=
ac_cv_env_CPP_value=
ac_cv_env_LDFLAGS_set=
ac_cv_env_LDFLAGS_value=
ac_cv_env_LIBS_set=
ac_cv_env_LIBS_value=
ac_cv_env_YACC_set=
ac_cv_env_YACC_value=
ac_cv_env_YFLAGS_set=
ac_cv_env_YFLAGS_value=
ac_cv_env_build_alias_set=
ac_cv_env_build_alias_value=
ac_cv_env_host_alias_set=
ac_cv_env_host_alias_value=
ac_cv_env_target_alias_set=
ac_cv_env_target_alias_value=
ac_cv_func_alloca_works=yes
ac_cv_func_gethostname=yes
ac_cv_func_getpagesize=yes
ac_cv_func_gettimeofday=yes
ac_cv_func_mmap_fixed_mapped=yes
ac_cv_func_select=yes
ac_cv_func_sigaction=yes
ac_cv_func_socket=yes
ac_cv_func_strdup=yes
ac_cv_func_strerror=yes
ac_cv_func_strsep=yes
ac_cv_func_strtoul=yes
ac_cv_func_strtoull=yes
ac_cv_func_timelocal=yes
ac_cv_header_dirent_dirent_h=yes
ac_cv_header_dlfcn_h=yes
ac_cv_header_fcntl_h=yes
ac_cv_header_features_h=yes
ac_cv_header_inttypes_h=yes
ac_cv_header_limits_h=yes
ac_cv_header_malloc_h=yes
ac_cv_header_memory_h=yes
ac_cv_header_stdc=yes
ac_cv_header_stdint_h=yes
ac_cv_header_stdlib_h=yes
ac_cv_header_string_h=yes
ac_cv_header_strings_h=yes
ac_cv_header_sys_param_h=yes
ac_cv_header_sys_stat_h=yes
ac_cv_header_sys_time_h=yes
ac_cv_header_sys_types_h=yes
ac_cv_header_syslog_h=yes
ac_cv_header_time=yes
ac_cv_header_unistd_h=yes
ac_cv_host=x86_64-unknown-linux-gnu
ac_cv_lib_nsl_gethostbyname=yes
ac_cv_lib_socket_socket=no
ac_cv_lib_wrap_allow_severity=no
ac_cv_lib_y_main=no
ac_cv_lib_z_zlibVersion=yes
ac_cv_member_struct_stat_st_rdev=yes
ac_cv_objext=o
ac_cv_path_EGREP='/usr/bin/grep -E'
ac_cv_path_FGREP='/usr/bin/grep -F'
ac_cv_path_GREP=/usr/bin/grep
ac_cv_path_PG_CONFIG=no
ac_cv_path_SED=/usr/bin/sed
ac_cv_path_install='/usr/bin/install -c'
ac_cv_path_mkdir=/usr/bin/mkdir
ac_cv_prog_AWK=gawk
ac_cv_prog_CPP='gcc -E'
ac_cv_prog_ac_ct_AR=ar
ac_cv_prog_ac_ct_CC=gcc
ac_cv_prog_ac_ct_OBJDUMP=objdump
ac_cv_prog_ac_ct_RANLIB=ranlib
ac_cv_prog_ac_ct_STRIP=strip
ac_cv_prog_cc_c89=
ac_cv_prog_cc_g=yes
ac_cv_prog_make_make_set=yes
ac_cv_search_opendir='none required'
ac_cv_struct_tm=time.h
ac_cv_sys_file_offset_bits=no
ac_cv_sys_largefile_CC=no
ac_cv_type_off_t=yes
ac_cv_type_pid_t=yes
ac_cv_type_signal=void
ac_cv_type_size_t=yes
ac_cv_working_alloca_h=yes
am_cv_CC_dependencies_compiler_type=gcc3
ap_cv_cc_pie=yes
lt_cv_archive_cmds_need_lc=no
lt_cv_deplibs_check_method=pass_all
lt_cv_file_magic_cmd='$MAGIC_CMD'
lt_cv_file_magic_test_file=
lt_cv_ld_reload_flag=-r
lt_cv_nm_interface='BSD nm'
lt_cv_objdir=.libs
lt_cv_path_LD=/usr/bin/ld
lt_cv_path_NM='/usr/bin/nm -B'
lt_cv_prog_compiler_c_o=yes
lt_cv_prog_compiler_pic_works=yes
lt_cv_prog_compiler_rtti_exceptions=no
lt_cv_prog_compiler_static_works=yes
lt_cv_prog_gnu_ld=yes
lt_cv_shlibpath_overrides_runpath=yes
lt_cv_sys_global_symbol_pipe='sed -n -e '\''s/^.*[	 ]\([ABCDGIRSTW][ABCDGIRSTW]*\)[	 ][	 ]*\([_A-Za-z][_A-Za-z0-9]*\)$/\1 \2 \2/p'\'''
lt_cv_sys_global_symbol_to_c_name_address='sed -n -e '\''s/^: \([^ ]*\) $/  {\"\1\", (void *) 0},/p'\'' -e '\''s/^[ABCDGIRSTW]* \([^ ]*\) \([^ ]*\)$/  {"\2", (void *) \&\2},/p'\'''
lt_cv_sys_global_symbol_to_c_name_address_lib_prefix='sed -n -e '\''s/^: \([^ ]*\) $/  {\"\1\", (void *) 0},/p'\'' -e '\''s/^[ABCDGIRSTW]* \([^ ]*\) \(lib[^ ]*\)$/  {"\2", (void *) \&\2},/p'\'' -e '\''s/^[ABCDGIRSTW]* \([^ ]*\) \([^ ]*\)$/  {"lib\2", (void *) \&\2},/p'\'''
lt_cv_sys_global_symbol_to_cdecl='sed -n -e '\''s/^T .* \(.*\)$/extern int \1();/p'\'' -e '\''s/^[ABCDGIRSTW]* .* \(.*\)$/extern char \1;/p'\'''
lt_cv_sys_max_cmd_len=1572864

## ----------------- ##
## Output variables. ##
## ----------------- ##

ACLOCAL='${SHELL} /home/julian/Documents/FlowViewer/flow-tools-0.68.5.1/missing --run aclocal-1.11'
ALLOCA=''
AMDEPBACKSLASH='\'
AMDEP_FALSE='#'
AMDEP_TRUE=''
AMTAR='${SHELL} /home/julian/Documents/FlowViewer/flow-tools-0.68.5.1/missing --run tar'
AR='ar'
AUTOCONF='${SHELL} /home/julian/Documents/FlowViewer/flow-tools-0.68.5.1/missing --run autoconf'
AUTOHEADER='${SHELL} /home/julian/Documents/FlowViewer/flow-tools-0.68.5.1/missing --run autoheader'
AUTOMAKE='${SHELL} /home/julian/Documents/FlowViewer/flow-tools-0.68.5.1/missing --run automake-1.11'
AWK='gawk'
CC='gcc'
CCDEPMODE='depmode=gcc3'
CFLAGS='-g -O2'
CPP='gcc -E'
CPPFLAGS=''
CRYPTOLIB=''
CYGPATH_W='echo'
DEFS='-DHAVE_CONFIG_H'
DEPDIR='.deps'
DSYMUTIL=''
DUMPBIN=''
ECHO_C=''
ECHO_N='-n'
ECHO_T=''
EGREP='/usr/bin/grep -E'
EXEEXT=''
FGREP='/usr/bin/grep -F'
GREP='/usr/bin/grep'
INSTALL_DATA='${INSTALL} -m 644'
INSTALL_PROGRAM='${INSTALL}'
INSTALL_SCRIPT='${INSTALL}'
INSTALL_STRIP_PROGRAM='$(install_sh) -c -s'
LD='/usr/bin/ld -m elf_x86_64'
LDFLAGS=''
LEX='${SHELL} /home/julian/Documents/FlowViewer/flow-tools-0.68.5.1/missing --run flex'
LEXLIB=''
LEX_OUTPUT_ROOT=''
LIBOBJS=''
LIBS='-lnsl -lz '
LIBTOOL='$(SHELL) $(top_builddir)/libtool'
LIPO=''
LN_S='ln -s'
LTLIBOBJS=''
MAKEINFO='${SHELL} /home/julian/Documents/FlowViewer/flow-tools-0.68.5.1/missing --run makeinfo'
MKDIR_P='/usr/bin/mkdir -p'
MYSQLCFLAGS=''
MYSQLLDFLAGS=''
MYSQLLIB=''
NM='/usr/bin/nm -B'
NMEDIT=''
OBJDUMP='objdump'
OBJEXT='o'
OPENSSLINCLUDE=''
OPENSSLLDFLAGS=''
OTOOL64=''
OTOOL=''
PACKAGE='flow-tools'
PACKAGE_BUGREPORT='flow-tools@googlegroups.com'
PACKAGE_NAME='flow-tools'
PACKAGE_STRING='flow-tools 0.68.5.1'
PACKAGE_TARNAME='flow-tools'
PACKAGE_URL=''
PACKAGE_VERSION='0.68.5.1'
PATH_SEPARATOR=':'
PG_CONFIG='no'
PICFLAGS='-fPIE'
PILDFLAGS='-pie'
POSTGRESQL_CFLAGS=''
POSTGRESQL_LDFLAGS=''
POSTGRESQL_LIB=''
POSTGRESQL_VERSION=''
RANLIB='ranlib'
SED='/usr/bin/sed'
SET_MAKE=''
SHELL='/bin/bash'
STRIP='strip'
VERSION='0.68.5.1'
YACC='yacc'
YFLAGS=''
YLIB=''
ac_ct_CC='gcc'
ac_ct_DUMPBIN=''
am__EXEEXT_FALSE=''
am__EXEEXT_TRUE='#'
am__fastdepCC_FALSE='#'
am__fastdepCC_TRUE=''
am__include='include'
am__isrc=''
am__leading_dot='.'
am__quote=''
am__tar='${AMTAR} chof - "$$tardir"'
am__untar='${AMTAR} xf -'
bindir='${exec_prefix}/bin'
build='x86_64-unknown-linux-gnu'
build_alias=''
build_cpu='x86_64'
build_os='linux-gnu'
build_vendor='unknown'
datadir='${datarootdir}'
datarootdir='${prefix}/share'
docdir='${datarootdir}/doc/${PACKAGE_TARNAME}'
dvidir='${docdir}'
exec_prefix='${prefix}'
host='x86_64-unknown-linux-gnu'
host_alias=''
host_cpu='x86_64'
host_os='linux-gnu'
host_vendor='unknown'
htmldir='${docdir}'
includedir='${prefix}/include'
infodir='${datarootdir}/info'
install_sh='${SHELL} /home/julian/Documents/FlowViewer/flow-tools-0.68.5.1/install-sh'
libdir='${exec_prefix}/lib'
libexecdir='${exec_prefix}/libexec'
localedir='${datarootdir}/locale'
localstatedir='${prefix}/var'
mandir='${datarootdir}/man'
mkdir_p='/usr/bin/mkdir -p'
oldincludedir='/usr/include'
pdfdir='${docdir}'
prefix='/usr/local/flow-tools'
program_transform_name='s,x,x,'
psdir='${docdir}'
sbindir='${exec_prefix}/sbin'
sharedstatedir='${prefix}/com'
sysconfdir='${prefix}/etc'
target_alias=''

## ----------- ##
## confdefs.h. ##
## ----------- ##

/* confdefs.h */
#define PACKAGE_NAME "flow-tools"
#define PACKAGE_TARNAME "flow-tools"
#define PACKAGE_VERSION "0.68.5.1"
#define PACKAGE_STRING "flow-tools 0.68.5.1"
#define PACKAGE_BUGREPORT "flow-tools@googlegroups.com"
#define PACKAGE_URL ""
#define PACKAGE "flow-tools"
#define VERSION "0.68.5.1"
#define STDC_HEADERS 1
#define HAVE_SYS_TYPES_H 1
#define HAVE_SYS_STAT_H 1
#define HAVE_STDLIB_H 1
#define HAVE_STRING_H 1
#define HAVE_MEMORY_H 1
#define HAVE_STRINGS_H 1
#define HAVE_INTTYPES_H 1
#define HAVE_STDINT_H 1
#define HAVE_UNISTD_H 1
#define HAVE_DLFCN_H 1
#define LT_OBJDIR ".libs/"
#define HAVE_LIBZ 1
#define HAVE_DIRENT_H 1
#define STDC_HEADERS 1
#define HAVE_FCNTL_H 1
#define HAVE_FEATURES_H 1
#define HAVE_LIMITS_H 1
#define HAVE_MALLOC_H 1
#define HAVE_STRING_H 1
#define HAVE_STRINGS_H 1
#define HAVE_SYS_TIME_H 1
#define HAVE_SYSLOG_H 1
#define HAVE_UNISTD_H 1
#define _BSD_SOURCE 1
#define HAVE_STRUCT_STAT_ST_RDEV 1
#define HAVE_ST_RDEV 1
#define TIME_WITH_SYS_TIME 1
#define HAVE_STDLIB_H 1
#define HAVE_UNISTD_H 1
#define HAVE_SYS_PARAM_H 1
#define HAVE_GETPAGESIZE 1
#define HAVE_MMAP 1
#define HAVE_ALLOCA_H 1
#define HAVE_ALLOCA 1
#define RETSIGTYPE void
#define HAVE_LIBNSL 1
#define HAVE_GETHOSTNAME 1
#define HAVE_GETTIMEOFDAY 1
#define HAVE_SELECT 1
#define HAVE_SOCKET 1
#define HAVE_STRDUP 1
#define HAVE_STRTOUL 1
#define HAVE_TIMELOCAL 1
#define HAVE_SIGACTION 1
#define HAVE_STRSEP 1
#define HAVE_STRERROR 1
#define HAVE_STRTOULL 1

configure: exit 0
